<?xml version="1.0" encoding="UTF-8"?>
<!-- Generated by org.testng.reporters.JUnitXMLReporter -->
<testsuite ignored="0" hostname="DESKTOP-FCBDKCU" failures="0" tests="9" name="Test" time="0.25" errors="0" timestamp="2021-06-26T15:18:51 IST">
  <testcase classname="testcasses.Test1" name="doLogin" time="0.03"/>
  <testcase classname="testcasses.Test1" name="deReg" time="0.002"/>
  <testcase classname="testcasses.Test1" name="dologout" time="0.008"/>
  <testcase classname="testcasses.Test2" name="doLogin" time="0.009"/>
  <testcase classname="testcasses.Test2" name="deReg" time="0.002"/>
  <testcase classname="testcasses.Test2" name="dologout" time="0.004"/>
  <testcase classname="testcasses.Test3" name="doLogin" time="0.005"/>
  <testcase classname="testcasses.Test3" name="deReg" time="0.007"/>
  <testcase classname="testcasses.Test3" name="dologout" time="0.006"/>
</testsuite> <!-- Test -->
