<?xml version="1.0" encoding="UTF-8"?>
<!-- Generated by org.testng.reporters.JUnitXMLReporter -->
<testsuite ignored="0" hostname="DESKTOP-FCBDKCU" failures="1" tests="3" name="Test1" time="0.207" errors="0" timestamp="2021-06-27T14:56:00 IST">
  <testcase classname="testcasses.Test1" name="doLogin" time="0.019">
    <failure type="java.lang.Exception">
      <![CDATA[java.lang.Exception
at testcasses.Test1.doLogin(Test1.java:13)
at java.base/java.util.ArrayList.forEach(ArrayList.java:1511)
... Removed 27 stack frames]]>
    </failure>
  </testcase> <!-- doLogin -->
  <testcase classname="testcasses.Test1" name="deReg" time="0.003"/>
  <testcase classname="testcasses.Test1" name="dologout" time="0.002"/>
</testsuite> <!-- Test1 -->
