<?xml version="1.0" encoding="UTF-8"?>
<testng-results ignored="0" total="2" passed="2" failed="0" skipped="0">
  <reporter-output>
  </reporter-output>
  <suite started-at="2021-06-29T00:46:42 IST" name="Default suite" finished-at="2021-06-29T00:46:42 IST" duration-ms="120">
    <groups>
    </groups>
    <test started-at="2021-06-29T00:46:42 IST" name="Default test" finished-at="2021-06-29T00:46:42 IST" duration-ms="120">
      <class name="paramiterization.TestParallelDataProvider">
        <test-method signature="doLogin(java.lang.String)[pri:0, instance:paramiterization.TestParallelDataProvider@649bec2e]" started-at="2021-06-29T00:46:42 IST" name="doLogin" data-provider="getData" finished-at="2021-06-29T00:46:42 IST" duration-ms="48" status="PASS">
          <params>
            <param index="0">
              <value>
                <![CDATA[chr]]>
              </value>
            </param>
          </params>
          <reporter-output>
          </reporter-output>
        </test-method> <!-- doLogin -->
        <test-method signature="doLogin(java.lang.String)[pri:0, instance:paramiterization.TestParallelDataProvider@649bec2e]" started-at="2021-06-29T00:46:42 IST" name="doLogin" data-provider="getData" finished-at="2021-06-29T00:46:42 IST" duration-ms="3" status="PASS">
          <params>
            <param index="0">
              <value>
                <![CDATA[fire]]>
              </value>
            </param>
          </params>
          <reporter-output>
          </reporter-output>
        </test-method> <!-- doLogin -->
      </class> <!-- paramiterization.TestParallelDataProvider -->
    </test> <!-- Default test -->
  </suite> <!-- Default suite -->
</testng-results>
